<?xml version="1.0" encoding="UTF-8"?>
<!-- Generated by org.testng.reporters.JUnitXMLReporter -->
<testsuite ignored="0" hostname="Luffy" failures="1" tests="4" name="Surefire test" time="11.864" errors="0" timestamp="2024-07-14T13:05:04 IST">
  <testcase classname="io.cucumber.testng.AbstractTestNGCucumberTests" name="runScenario" time="2.021"/>
  <testcase classname="io.cucumber.testng.AbstractTestNGCucumberTests" name="runScenario" time="1.402">
    <failure type="java.lang.AssertionError" message="title mismatch expected [https://www.saucedemo.com/v1/inventory.html] but found [https://www.saucedemo.com/v1/]">
      <![CDATA[java.lang.AssertionError: title mismatch expected [https://www.saucedemo.com/v1/inventory.html] but found [https://www.saucedemo.com/v1/]
at com.stepDefinitions.LoginSteps.verify_use_entered_into_home_page(LoginSteps.java:75)
at ✽.verify use entered into home page(file:///C:/Users/saikr/git/SDETGit/SDETGit/src/test/resources/Feature/login.feature:25)
... Removed 5 stack frames]]>
    </failure>
  </testcase> <!-- runScenario -->
  <testcase classname="io.cucumber.testng.AbstractTestNGCucumberTests" name="runScenario" time="1.381"/>
  <testcase classname="io.cucumber.testng.AbstractTestNGCucumberTests" name="runScenario" time="6.584"/>
</testsuite> <!-- Surefire test -->
