<?xml version="1.0" encoding="UTF-8"?>
<testsuite xmlns:xsi="http://www.w3.org/2001/XMLSchema-instance" xsi:noNamespaceSchemaLocation="https://maven.apache.org/surefire/maven-surefire-plugin/xsd/surefire-test-report.xsd" version="3.0.2" name="TestSuite" time="12.244" tests="4" errors="0" skipped="0" failures="1">
  <properties>
[...]
</properties>
  <testcase name="runScenario[&quot;check login is successful&quot;, &quot;login page automation&quot;](1)" classname="testRunner.CucumberTestRunner" time="2.022">
    <system-out><![CDATA[
Scenario Outline: check login is successful                 &amp#27;[90m# src/test/resources/Feature/login.feature:30&amp#27;[0m
  &amp#27;[32mGiven &amp#27;[0m&amp#27;[32muser is on login page&amp#27;[0m                               &amp#27;[90m# com.stepDefinitions.LoginSteps.user_is_on_login_page()&amp#27;[0m
  &amp#27;[32mWhen &amp#27;[0m&amp#27;[32muser enters valid &amp#27;[0m&amp#27;[32m&amp#27;[1m"standard_user"&amp#27;[0m&amp#27;[32m and &amp#27;[0m&amp#27;[32m&amp#27;[1m"secret_sauce"&amp#27;[0m &amp#27;[90m# com.stepDefinitions.LoginSteps.user_enters_valid_user_id_and_password(java.lang.String,java.lang.String)&amp#27;[0m
  &amp#27;[32mAnd &amp#27;[0m&amp#27;[32mclick on login button&amp#27;[0m                                 &amp#27;[90m# com.stepDefinitions.LoginSteps.click_on_login_button()&amp#27;[0m
  &amp#27;[32mThen &amp#27;[0m&amp#27;[32mverify use entered into home page&amp#27;[0m                    &amp#27;[90m# com.stepDefinitions.LoginSteps.verify_use_entered_into_home_page()&amp#27;[0m
  &amp#27;[32mAnd &amp#27;[0m&amp#27;[32mclose the browser&amp#27;[0m                                     &amp#27;[90m# com.stepDefinitions.LoginSteps.close_the_browser()&amp#27;[0m
]]></system-out>
    <system-err><![CDATA[SLF4J: Failed to load class "org.slf4j.impl.StaticLoggerBinder".
SLF4J: Defaulting to no-operation (NOP) logger implementation
SLF4J: See http://www.slf4j.org/codes.html#StaticLoggerBinder for further details.
]]></system-err>
  </testcase>
  <testcase name="runScenario[&quot;check login is successful&quot;, &quot;login page automation&quot;](2)" classname="testRunner.CucumberTestRunner" time="1.404">
    <failure message="title mismatch expected [https://www.saucedemo.com/v1/inventory.html] but found [https://www.saucedemo.com/v1/]" type="java.lang.AssertionError"><![CDATA[java.lang.AssertionError: title mismatch expected [https://www.saucedemo.com/v1/inventory.html] but found [https://www.saucedemo.com/v1/]
	at org.testng.Assert.fail(Assert.java:111)
	at org.testng.Assert.failNotEquals(Assert.java:1578)
	at org.testng.Assert.assertEqualsImpl(Assert.java:150)
	at org.testng.Assert.assertEquals(Assert.java:132)
	at org.testng.Assert.assertEquals(Assert.java:656)
	at com.stepDefinitions.LoginSteps.verify_use_entered_into_home_page(LoginSteps.java:75)
	at ✽.verify use entered into home page(file:///C:/Users/saikr/git/SDETGit/SDETGit/src/test/resources/Feature/login.feature:25)
]]></failure>
    <system-out><![CDATA[
Scenario Outline: check login is successful                   &amp#27;[90m# src/test/resources/Feature/login.feature:31&amp#27;[0m
  &amp#27;[32mGiven &amp#27;[0m&amp#27;[32muser is on login page&amp#27;[0m                                 &amp#27;[90m# com.stepDefinitions.LoginSteps.user_is_on_login_page()&amp#27;[0m
  &amp#27;[32mWhen &amp#27;[0m&amp#27;[32muser enters valid &amp#27;[0m&amp#27;[32m&amp#27;[1m"locked_out_user"&amp#27;[0m&amp#27;[32m and &amp#27;[0m&amp#27;[32m&amp#27;[1m"secret_sauce"&amp#27;[0m &amp#27;[90m# com.stepDefinitions.LoginSteps.user_enters_valid_user_id_and_password(java.lang.String,java.lang.String)&amp#27;[0m
  &amp#27;[32mAnd &amp#27;[0m&amp#27;[32mclick on login button&amp#27;[0m                                   &amp#27;[90m# com.stepDefinitions.LoginSteps.click_on_login_button()&amp#27;[0m
  &amp#27;[31mThen &amp#27;[0m&amp#27;[31mverify use entered into home page&amp#27;[0m                      &amp#27;[90m# com.stepDefinitions.LoginSteps.verify_use_entered_into_home_page()&amp#27;[0m
      &amp#27;[31mjava.lang.AssertionError: title mismatch expected [https://www.saucedemo.com/v1/inventory.html] but found [https://www.saucedemo.com/v1/]
	at org.testng.Assert.fail(Assert.java:111)
	at org.testng.Assert.failNotEquals(Assert.java:1578)
	at org.testng.Assert.assertEqualsImpl(Assert.java:150)
	at org.testng.Assert.assertEquals(Assert.java:132)
	at org.testng.Assert.assertEquals(Assert.java:656)
	at com.stepDefinitions.LoginSteps.verify_use_entered_into_home_page(LoginSteps.java:75)
	at ✽.verify use entered into home page(file:///C:/Users/saikr/git/SDETGit/SDETGit/src/test/resources/Feature/login.feature:25)
&amp#27;[0m
  &amp#27;[36mAnd &amp#27;[0m&amp#27;[36mclose the browser&amp#27;[0m                                       &amp#27;[90m# com.stepDefinitions.LoginSteps.close_the_browser()&amp#27;[0m
]]></system-out>
  </testcase>
  <testcase name="runScenario[&quot;check login is successful&quot;, &quot;login page automation&quot;](3)" classname="testRunner.CucumberTestRunner" time="1.382">
    <system-out><![CDATA[
Scenario Outline: check login is successful                &amp#27;[90m# src/test/resources/Feature/login.feature:32&amp#27;[0m
  &amp#27;[32mGiven &amp#27;[0m&amp#27;[32muser is on login page&amp#27;[0m                              &amp#27;[90m# com.stepDefinitions.LoginSteps.user_is_on_login_page()&amp#27;[0m
  &amp#27;[32mWhen &amp#27;[0m&amp#27;[32muser enters valid &amp#27;[0m&amp#27;[32m&amp#27;[1m"problem_user"&amp#27;[0m&amp#27;[32m and &amp#27;[0m&amp#27;[32m&amp#27;[1m"secret_sauce"&amp#27;[0m &amp#27;[90m# com.stepDefinitions.LoginSteps.user_enters_valid_user_id_and_password(java.lang.String,java.lang.String)&amp#27;[0m
  &amp#27;[32mAnd &amp#27;[0m&amp#27;[32mclick on login button&amp#27;[0m                                &amp#27;[90m# com.stepDefinitions.LoginSteps.click_on_login_button()&amp#27;[0m
  &amp#27;[32mThen &amp#27;[0m&amp#27;[32mverify use entered into home page&amp#27;[0m                   &amp#27;[90m# com.stepDefinitions.LoginSteps.verify_use_entered_into_home_page()&amp#27;[0m
  &amp#27;[32mAnd &amp#27;[0m&amp#27;[32mclose the browser&amp#27;[0m                                    &amp#27;[90m# com.stepDefinitions.LoginSteps.close_the_browser()&amp#27;[0m
]]></system-out>
  </testcase>
  <testcase name="runScenario[&quot;check login is successful&quot;, &quot;login page automation&quot;](4)" classname="testRunner.CucumberTestRunner" time="6.585">
    <system-out><![CDATA[
Scenario Outline: check login is successful                           &amp#27;[90m# src/test/resources/Feature/login.feature:33&amp#27;[0m
  &amp#27;[32mGiven &amp#27;[0m&amp#27;[32muser is on login page&amp#27;[0m                                         &amp#27;[90m# com.stepDefinitions.LoginSteps.user_is_on_login_page()&amp#27;[0m
  &amp#27;[32mWhen &amp#27;[0m&amp#27;[32muser enters valid &amp#27;[0m&amp#27;[32m&amp#27;[1m"performance_glitch_user"&amp#27;[0m&amp#27;[32m and &amp#27;[0m&amp#27;[32m&amp#27;[1m"secret_sauce"&amp#27;[0m &amp#27;[90m# com.stepDefinitions.LoginSteps.user_enters_valid_user_id_and_password(java.lang.String,java.lang.String)&amp#27;[0m
  &amp#27;[32mAnd &amp#27;[0m&amp#27;[32mclick on login button&amp#27;[0m                                           &amp#27;[90m# com.stepDefinitions.LoginSteps.click_on_login_button()&amp#27;[0m
  &amp#27;[32mThen &amp#27;[0m&amp#27;[32mverify use entered into home page&amp#27;[0m                              &amp#27;[90m# com.stepDefinitions.LoginSteps.verify_use_entered_into_home_page()&amp#27;[0m
  &amp#27;[32mAnd &amp#27;[0m&amp#27;[32mclose the browser&amp#27;[0m                                               &amp#27;[90m# com.stepDefinitions.LoginSteps.close_the_browser()&amp#27;[0m
]]></system-out>
  </testcase>
</testsuite>